<?xml version="1.0" encoding="UTF-8"?>
<!-- Generated by org.testng.reporters.JUnitXMLReporter -->
<testsuite hostname="Administrator" ignored="0" name="Test" tests="2" failures="0" timestamp="15 Jun 2020 16:06:17 GMT" time="2.587" errors="0">
  <testcase name="@BeforeMethod launchBrowser" time="2.496" classname="com.dyt.base.BaseClass">
    <failure type="java.lang.IllegalStateException" message="The driver executable does not exist: \\server\chromedriver.exe">
      <![CDATA[java.lang.IllegalStateException: The driver executable does not exist: \\server\chromedriver.exe
at com.google.common.base.Preconditions.checkState(Preconditions.java:585)
at org.openqa.selenium.remote.service.DriverService.checkExecutable(DriverService.java:146)
at org.openqa.selenium.remote.service.DriverService.findExecutable(DriverService.java:141)
at org.openqa.selenium.chrome.ChromeDriverService.access$000(ChromeDriverService.java:35)
at org.openqa.selenium.chrome.ChromeDriverService$Builder.findDefaultExecutable(ChromeDriverService.java:159)
at org.openqa.selenium.remote.service.DriverService$Builder.build(DriverService.java:355)
at org.openqa.selenium.chrome.ChromeDriverService.createDefaultService(ChromeDriverService.java:94)
at org.openqa.selenium.chrome.ChromeDriver.<init>(ChromeDriver.java:123)
at com.dyt.base.BaseClass.launchBrowser(BaseClass.java:52)
... Removed 28 stack frames]]>
    </failure>
  </testcase> <!-- @BeforeMethod launchBrowser -->
  <testcase name="@AfterMethod closeBrowser" time="0.0" classname="com.dyt.base.BaseClass">
    <skipped/>
  </testcase> <!-- @AfterMethod closeBrowser -->
  <testcase name="@BeforeMethod launchBrowser" time="0.0" classname="com.dyt.base.BaseClass">
    <skipped/>
  </testcase> <!-- @BeforeMethod launchBrowser -->
  <testcase name="@AfterMethod closeBrowser" time="0.0" classname="com.dyt.base.BaseClass">
    <skipped/>
  </testcase> <!-- @AfterMethod closeBrowser -->
  <testcase name="TC001_addMainCategory" time="0.0" classname="com.dyt.ors.regression.AdminProducts">
    <skipped/>
  </testcase> <!-- TC001_addMainCategory -->
  <testcase name="TC002_addSubCategory" time="0.0" classname="com.dyt.ors.regression.AdminProducts">
    <skipped/>
  </testcase> <!-- TC002_addSubCategory -->
</testsuite> <!-- Test -->
