<?xml version="1.0" encoding="UTF-8"?>
<testng-results skipped="0" failed="0" ignored="0" total="2" passed="2">
  <reporter-output>
  </reporter-output>
  <suite name="Suite" duration-ms="41753" started-at="2020-06-18T16:33:32Z" finished-at="2020-06-18T16:34:14Z">
    <groups>
    </groups>
    <test name="Test" duration-ms="41753" started-at="2020-06-18T16:33:32Z" finished-at="2020-06-18T16:34:14Z">
      <class name="com.dyt.ors.regression.AdminProducts">
        <test-method status="PASS" signature="setupReport()[pri:0, instance:com.dyt.ors.regression.AdminProducts@1a968a59]" name="setupReport" is-config="true" duration-ms="289" started-at="2020-06-18T16:33:32Z" finished-at="2020-06-18T16:33:32Z">
          <reporter-output>
          </reporter-output>
        </test-method> <!-- setupReport -->
        <test-method status="PASS" signature="launchBrowser(java.lang.reflect.Method)[pri:0, instance:com.dyt.ors.regression.AdminProducts@1a968a59]" name="launchBrowser" is-config="true" duration-ms="11216" started-at="2020-06-18T16:33:32Z" finished-at="2020-06-18T16:33:43Z">
          <params>
            <param index="0">
              <value>
                <![CDATA[public static void com.dyt.ors.regression.AdminProducts.TC001_addMainCategory()]]>
              </value>
            </param>
          </params>
          <reporter-output>
          </reporter-output>
        </test-method> <!-- launchBrowser -->
        <test-method status="PASS" signature="TC001_addMainCategory()[pri:0, instance:com.dyt.ors.regression.AdminProducts@1a968a59]" name="TC001_addMainCategory" duration-ms="10525" started-at="2020-06-18T16:33:43Z" finished-at="2020-06-18T16:33:54Z">
          <reporter-output>
          </reporter-output>
        </test-method> <!-- TC001_addMainCategory -->
        <test-method status="PASS" signature="closeBrowser()[pri:0, instance:com.dyt.ors.regression.AdminProducts@1a968a59]" name="closeBrowser" is-config="true" duration-ms="174" started-at="2020-06-18T16:33:54Z" finished-at="2020-06-18T16:33:54Z">
          <reporter-output>
          </reporter-output>
        </test-method> <!-- closeBrowser -->
        <test-method status="PASS" signature="launchBrowser(java.lang.reflect.Method)[pri:0, instance:com.dyt.ors.regression.AdminProducts@1a968a59]" name="launchBrowser" is-config="true" duration-ms="8862" started-at="2020-06-18T16:33:54Z" finished-at="2020-06-18T16:34:03Z">
          <params>
            <param index="0">
              <value>
                <![CDATA[public static void com.dyt.ors.regression.AdminProducts.TC002_addSubCategory()]]>
              </value>
            </param>
          </params>
          <reporter-output>
          </reporter-output>
        </test-method> <!-- launchBrowser -->
        <test-method status="PASS" signature="TC002_addSubCategory()[pri:0, instance:com.dyt.ors.regression.AdminProducts@1a968a59]" name="TC002_addSubCategory" duration-ms="10746" started-at="2020-06-18T16:34:03Z" finished-at="2020-06-18T16:34:14Z">
          <reporter-output>
          </reporter-output>
        </test-method> <!-- TC002_addSubCategory -->
        <test-method status="PASS" signature="closeBrowser()[pri:0, instance:com.dyt.ors.regression.AdminProducts@1a968a59]" name="closeBrowser" is-config="true" duration-ms="193" started-at="2020-06-18T16:34:14Z" finished-at="2020-06-18T16:34:14Z">
          <reporter-output>
          </reporter-output>
        </test-method> <!-- closeBrowser -->
        <test-method status="PASS" signature="flushReportAndOpen()[pri:0, instance:com.dyt.ors.regression.AdminProducts@1a968a59]" name="flushReportAndOpen" is-config="true" duration-ms="10235" started-at="2020-06-18T16:34:14Z" finished-at="2020-06-18T16:34:24Z">
          <reporter-output>
          </reporter-output>
        </test-method> <!-- flushReportAndOpen -->
      </class> <!-- com.dyt.ors.regression.AdminProducts -->
    </test> <!-- Test -->
  </suite> <!-- Suite -->
</testng-results>
